<?xml version="1.0" encoding="UTF-8"?>
<testng-results ignored="0" total="1" passed="1" failed="0" skipped="0">
  <reporter-output>
  </reporter-output>
  <suite started-at="2025-06-14T22:17:51 IST" name="Default suite" finished-at="2025-06-14T22:17:58 IST" duration-ms="6247">
    <groups>
      <group name="cucumber">
        <method signature="AbstractTestNGCucumberTests.runScenario(io.cucumber.testng.PickleWrapper,io.cucumber.testng.FeatureWrapper)[pri:0, instance:runner.T001_JobDesc_Screenshot@305b7c14]" name="runScenario" class="io.cucumber.testng.AbstractTestNGCucumberTests"/>
      </group> <!-- cucumber -->
    </groups>
    <test started-at="2025-06-14T22:17:51 IST" name="Default test" finished-at="2025-06-14T22:17:58 IST" duration-ms="6247">
      <class name="runner.T001_JobDesc_Screenshot">
        <test-method is-config="true" signature="setUpClass(org.testng.ITestContext)[pri:0, instance:runner.T001_JobDesc_Screenshot@305b7c14]" started-at="2025-06-14T22:17:51 IST" name="setUpClass" finished-at="2025-06-14T22:17:51 IST" duration-ms="112" status="PASS">
          <params>
            <param index="0">
              <value>
                <![CDATA[org.testng.TestRunner@6105f8a3]]>
              </value>
            </param>
          </params>
          <reporter-output>
          </reporter-output>
        </test-method> <!-- setUpClass -->
        <test-method is-config="true" signature="preCondition()[pri:0, instance:runner.T001_JobDesc_Screenshot@305b7c14]" started-at="2025-06-14T22:17:51 IST" name="preCondition" finished-at="2025-06-14T22:17:54 IST" duration-ms="2619" status="PASS">
          <reporter-output>
          </reporter-output>
        </test-method> <!-- preCondition -->
        <test-method signature="jobDescScreenShot()[pri:0, instance:runner.T001_JobDesc_Screenshot@305b7c14]" started-at="2025-06-14T22:17:54 IST" name="jobDescScreenShot" finished-at="2025-06-14T22:17:57 IST" duration-ms="3302" status="PASS">
          <reporter-output>
          </reporter-output>
        </test-method> <!-- jobDescScreenShot -->
        <test-method is-config="true" signature="postCondition()[pri:0, instance:runner.T001_JobDesc_Screenshot@305b7c14]" started-at="2025-06-14T22:17:57 IST" name="postCondition" finished-at="2025-06-14T22:17:58 IST" duration-ms="182" status="PASS">
          <reporter-output>
          </reporter-output>
        </test-method> <!-- postCondition -->
        <test-method is-config="true" signature="tearDownClass()[pri:0, instance:runner.T001_JobDesc_Screenshot@305b7c14]" started-at="2025-06-14T22:17:58 IST" name="tearDownClass" finished-at="2025-06-14T22:17:58 IST" duration-ms="2" status="PASS">
          <reporter-output>
          </reporter-output>
        </test-method> <!-- tearDownClass -->
      </class> <!-- runner.T001_JobDesc_Screenshot -->
    </test> <!-- Default test -->
  </suite> <!-- Default suite -->
</testng-results>
